25-May-2024 12:00:02.723 INFO [main] org.apache.catalina.core.ApplicationContext.log 1 Spring WebApplicationInitializers detected on classpath
25-May-2024 12:00:02.793 INFO [main] org.apache.catalina.core.ApplicationContext.log Initializing Spring root WebApplicationContext
25-May-2024 12:00:08.078 INFO [main] org.apache.catalina.core.ApplicationContext.log Initializing Spring DispatcherServlet 'dispatcher'
25-May-2024 12:05:15.514 INFO [Thread-1] org.apache.catalina.core.ApplicationContext.log Destroying Spring FrameworkServlet 'dispatcher'
25-May-2024 12:05:15.517 INFO [Thread-1] org.apache.catalina.core.ApplicationContext.log Closing Spring root WebApplicationContext
25-May-2024 12:05:55.475 INFO [main] org.apache.catalina.core.ApplicationContext.log 1 Spring WebApplicationInitializers detected on classpath
25-May-2024 12:05:55.545 INFO [main] org.apache.catalina.core.ApplicationContext.log Initializing Spring root WebApplicationContext
25-May-2024 12:06:00.654 INFO [main] org.apache.catalina.core.ApplicationContext.log Initializing Spring DispatcherServlet 'dispatcher'
25-May-2024 12:08:02.059 INFO [Thread-1] org.apache.catalina.core.ApplicationContext.log Destroying Spring FrameworkServlet 'dispatcher'
25-May-2024 12:08:02.061 INFO [Thread-1] org.apache.catalina.core.ApplicationContext.log Closing Spring root WebApplicationContext
25-May-2024 12:09:19.301 INFO [main] org.apache.catalina.core.ApplicationContext.log 1 Spring WebApplicationInitializers detected on classpath
25-May-2024 12:09:19.371 INFO [main] org.apache.catalina.core.ApplicationContext.log Initializing Spring root WebApplicationContext
25-May-2024 12:09:24.472 INFO [main] org.apache.catalina.core.ApplicationContext.log Initializing Spring DispatcherServlet 'dispatcher'
25-May-2024 12:10:25.160 INFO [Thread-1] org.apache.catalina.core.ApplicationContext.log Destroying Spring FrameworkServlet 'dispatcher'
25-May-2024 12:10:25.162 INFO [Thread-1] org.apache.catalina.core.ApplicationContext.log Closing Spring root WebApplicationContext
25-May-2024 12:11:54.208 INFO [main] org.apache.catalina.core.ApplicationContext.log 1 Spring WebApplicationInitializers detected on classpath
25-May-2024 12:11:54.278 INFO [main] org.apache.catalina.core.ApplicationContext.log Initializing Spring root WebApplicationContext
25-May-2024 12:11:59.339 INFO [main] org.apache.catalina.core.ApplicationContext.log Initializing Spring DispatcherServlet 'dispatcher'
25-May-2024 12:12:14.341 INFO [Thread-1] org.apache.catalina.core.ApplicationContext.log Destroying Spring FrameworkServlet 'dispatcher'
25-May-2024 12:12:14.343 INFO [Thread-1] org.apache.catalina.core.ApplicationContext.log Closing Spring root WebApplicationContext
25-May-2024 12:12:24.602 INFO [main] org.apache.catalina.core.ApplicationContext.log 1 Spring WebApplicationInitializers detected on classpath
25-May-2024 12:12:24.671 INFO [main] org.apache.catalina.core.ApplicationContext.log Initializing Spring root WebApplicationContext
25-May-2024 12:12:29.712 INFO [main] org.apache.catalina.core.ApplicationContext.log Initializing Spring DispatcherServlet 'dispatcher'
25-May-2024 12:13:54.119 INFO [Thread-1] org.apache.catalina.core.ApplicationContext.log Destroying Spring FrameworkServlet 'dispatcher'
25-May-2024 12:13:54.120 INFO [Thread-1] org.apache.catalina.core.ApplicationContext.log Closing Spring root WebApplicationContext
25-May-2024 12:14:00.206 INFO [main] org.apache.catalina.core.ApplicationContext.log 1 Spring WebApplicationInitializers detected on classpath
25-May-2024 12:14:00.279 INFO [main] org.apache.catalina.core.ApplicationContext.log Initializing Spring root WebApplicationContext
25-May-2024 12:14:05.389 INFO [main] org.apache.catalina.core.ApplicationContext.log Initializing Spring DispatcherServlet 'dispatcher'
25-May-2024 12:14:43.858 INFO [Thread-1] org.apache.catalina.core.ApplicationContext.log Destroying Spring FrameworkServlet 'dispatcher'
25-May-2024 12:14:43.859 INFO [Thread-1] org.apache.catalina.core.ApplicationContext.log Closing Spring root WebApplicationContext
25-May-2024 12:15:26.028 INFO [main] org.apache.catalina.core.ApplicationContext.log 1 Spring WebApplicationInitializers detected on classpath
25-May-2024 12:15:26.100 INFO [main] org.apache.catalina.core.ApplicationContext.log Initializing Spring root WebApplicationContext
25-May-2024 12:15:31.161 INFO [main] org.apache.catalina.core.ApplicationContext.log Initializing Spring DispatcherServlet 'dispatcher'
25-May-2024 12:16:13.083 INFO [Thread-1] org.apache.catalina.core.ApplicationContext.log Destroying Spring FrameworkServlet 'dispatcher'
25-May-2024 12:16:13.085 INFO [Thread-1] org.apache.catalina.core.ApplicationContext.log Closing Spring root WebApplicationContext
25-May-2024 12:16:19.486 INFO [main] org.apache.catalina.core.ApplicationContext.log 1 Spring WebApplicationInitializers detected on classpath
25-May-2024 12:16:19.557 INFO [main] org.apache.catalina.core.ApplicationContext.log Initializing Spring root WebApplicationContext
25-May-2024 12:16:24.655 INFO [main] org.apache.catalina.core.ApplicationContext.log Initializing Spring DispatcherServlet 'dispatcher'
25-May-2024 12:16:41.024 INFO [Thread-1] org.apache.catalina.core.ApplicationContext.log Destroying Spring FrameworkServlet 'dispatcher'
25-May-2024 12:16:41.026 INFO [Thread-1] org.apache.catalina.core.ApplicationContext.log Closing Spring root WebApplicationContext
25-May-2024 12:19:58.126 INFO [main] org.apache.catalina.core.ApplicationContext.log 1 Spring WebApplicationInitializers detected on classpath
25-May-2024 12:19:58.196 INFO [main] org.apache.catalina.core.ApplicationContext.log Initializing Spring root WebApplicationContext
25-May-2024 12:20:03.278 INFO [main] org.apache.catalina.core.ApplicationContext.log Initializing Spring DispatcherServlet 'dispatcher'
25-May-2024 12:21:40.684 INFO [Thread-1] org.apache.catalina.core.ApplicationContext.log Destroying Spring FrameworkServlet 'dispatcher'
25-May-2024 12:21:40.685 INFO [Thread-1] org.apache.catalina.core.ApplicationContext.log Closing Spring root WebApplicationContext
25-May-2024 12:22:36.432 INFO [main] org.apache.catalina.core.ApplicationContext.log 1 Spring WebApplicationInitializers detected on classpath
25-May-2024 12:22:36.501 INFO [main] org.apache.catalina.core.ApplicationContext.log Initializing Spring root WebApplicationContext
25-May-2024 12:22:41.568 INFO [main] org.apache.catalina.core.ApplicationContext.log Initializing Spring DispatcherServlet 'dispatcher'
25-May-2024 12:26:46.561 INFO [Thread-1] org.apache.catalina.core.ApplicationContext.log Destroying Spring FrameworkServlet 'dispatcher'
25-May-2024 12:26:46.563 INFO [Thread-1] org.apache.catalina.core.ApplicationContext.log Closing Spring root WebApplicationContext
25-May-2024 12:26:51.635 INFO [main] org.apache.catalina.core.ApplicationContext.log 1 Spring WebApplicationInitializers detected on classpath
25-May-2024 12:26:51.706 INFO [main] org.apache.catalina.core.ApplicationContext.log Initializing Spring root WebApplicationContext
25-May-2024 12:26:56.851 INFO [main] org.apache.catalina.core.ApplicationContext.log Initializing Spring DispatcherServlet 'dispatcher'
25-May-2024 12:27:32.234 INFO [Thread-1] org.apache.catalina.core.ApplicationContext.log Destroying Spring FrameworkServlet 'dispatcher'
25-May-2024 12:27:32.235 INFO [Thread-1] org.apache.catalina.core.ApplicationContext.log Closing Spring root WebApplicationContext
25-May-2024 12:27:37.521 INFO [main] org.apache.catalina.core.ApplicationContext.log 1 Spring WebApplicationInitializers detected on classpath
25-May-2024 12:27:37.592 INFO [main] org.apache.catalina.core.ApplicationContext.log Initializing Spring root WebApplicationContext
25-May-2024 12:27:42.668 INFO [main] org.apache.catalina.core.ApplicationContext.log Initializing Spring DispatcherServlet 'dispatcher'
25-May-2024 12:29:36.576 INFO [Thread-1] org.apache.catalina.core.ApplicationContext.log Destroying Spring FrameworkServlet 'dispatcher'
25-May-2024 12:29:36.577 INFO [Thread-1] org.apache.catalina.core.ApplicationContext.log Closing Spring root WebApplicationContext
